<?xml version="1.0" encoding="UTF-8" ?>
<testsuite errors="0" failures="2" hostname="Mevlut" name="testcases.costumProjectRunner" skipped="1" tests="8" time="0.139" timestamp="2021-06-20T23:52:16">
  <properties>
[...]
</properties>
  <testcase classname="testcases.LoginTest" name="loginTest[0]" time="0.002" />
  <testcase classname="testcases.LoginTest" name="loginTest[1]" time="0.0" />
  <testcase classname="testcases.LoginTest" name="loginTest[2]" time="0.0" />
  <testcase classname="testcases.LoginTest" name="loginTest[3]" time="0.0" />
  <testcase classname="testcases.ShopMobilePhoneTest" name="test_a_searchForMobile" time="0.001" />
  <testcase classname="testcases.ShopMobilePhoneTest" name="test_b_selectMobile" time="0.0" />
  <testcase classname="testcases.ShopMobilePhoneTest" name="test_c_checkout" time="0.014">
    <skipped message="got: &lt;false&gt;, expected: is &lt;true&gt;" />
  </testcase>
  <testcase classname="testcases.ValidationsTest" name="validate" time="0.011">
    <failure message="expected:&lt;A[]&gt; but was:&lt;A[1]&gt;" type="junit.framework.ComparisonFailure">junit.framework.ComparisonFailure: expected:&lt;A[]&gt; but was:&lt;A[1]&gt;
	at testcases.ValidationsTest.validate(ValidationsTest.java:18)
</failure>
    <failure message="Error Message" type="junit.framework.AssertionFailedError">junit.framework.AssertionFailedError: Error Message
	at testcases.ValidationsTest.validate(ValidationsTest.java:25)
</failure>
  </testcase>
  <system-out><![CDATA[U1-----P1------Mozilla
U2-----P2------Chrome
U3-----P3------IE
U4-----P4------Safari
Searching for mobile
selecting mobile
start
Error:expected:<A[]> but was:<A[1]>
Error:Error Message
end
]]></system-out>
  <system-err><![CDATA[]]></system-err>
</testsuite>
