<?xml version="1.0" encoding="UTF-8" ?>
<testsuite errors="0" failures="2" hostname="Mevlut" name="testcases.costumProjectRunner" skipped="1" tests="8" time="0.139" timestamp="2021-06-20T23:52:16">
  <properties>
    <property name="java.vendor" value="Oracle Corporation" />
    <property name="sun.java.launcher" value="SUN_STANDARD" />
    <property name="sun.management.compiler" value="HotSpot 64-Bit Tiered Compilers" />
    <property name="maven.build.srcDir.0" value="src/main/java" />
    <property name="os.name" value="Windows 10" />
    <property name="sun.boot.class.path" value="C:\Program Files\Java\jdk1.8.0_231\jre\lib\resources.jar;C:\Program Files\Java\jdk1.8.0_231\jre\lib\rt.jar;C:\Program Files\Java\jdk1.8.0_231\jre\lib\sunrsasign.jar;C:\Program Files\Java\jdk1.8.0_231\jre\lib\jsse.jar;C:\Program Files\Java\jdk1.8.0_231\jre\lib\jce.jar;C:\Program Files\Java\jdk1.8.0_231\jre\lib\charsets.jar;C:\Program Files\Java\jdk1.8.0_231\jre\lib\jfr.jar;C:\Program Files\Java\jdk1.8.0_231\jre\classes" />
    <property name="sun.desktop" value="windows" />
    <property name="java.vm.specification.vendor" value="Oracle Corporation" />
    <property name="ant.home" value="C:\Users\kaymaz\OneDrive\Documents\apache-ant-1.10.10-bin\apache-ant-1.10.10" />
    <property name="java.runtime.version" value="1.8.0_231-b11" />
    <property name="maven.build.resourceDir.0" value="src/main/resources" />
    <property name="user.name" value="kaymaz" />
    <property name="maven.build.outputDir" value="target/classes" />
    <property name="maven.repo.local" value="C:\Users\kaymaz/.m2/repository" />
    <property name="maven.build.finalName" value="JunitProject2-0.0.1-SNAPSHOT" />
    <property name="maven.build.testDir.0" value="src/test/java" />
    <property name="user.language" value="en" />
    <property name="sun.boot.library.path" value="C:\Program Files\Java\jdk1.8.0_231\jre\bin" />
    <property name="ant.project.default-target" value="package" />
    <property name="maven.reporting.outputDirectory" value="target/site" />
    <property name="ant.project.name" value="JunitProject2" />
    <property name="java.version" value="1.8.0_231" />
    <property name="user.timezone" value="" />
    <property name="sun.arch.data.model" value="64" />
    <property name="ant.file.JunitProject2-from-maven" value="C:\Users\kaymaz\eclipse-workspace\JunitProject2\maven-build.xml" />
    <property name="ant.file.type.JunitProject2-from-maven" value="file" />
    <property name="java.endorsed.dirs" value="C:\Program Files\Java\jdk1.8.0_231\jre\lib\endorsed" />
    <property name="sun.cpu.isalist" value="amd64" />
    <property name="sun.jnu.encoding" value="Cp1252" />
    <property name="file.encoding.pkg" value="sun.io" />
    <property name="file.separator" value="\" />
    <property name="java.specification.name" value="Java Platform API Specification" />
    <property name="java.class.version" value="52.0" />
    <property name="user.country" value="US" />
    <property name="java.home" value="C:\Program Files\Java\jdk1.8.0_231\jre" />
    <property name="java.vm.info" value="mixed mode" />
    <property name="ant.file" value="C:\Users\kaymaz\eclipse-workspace\JunitProject2\build.xml" />
    <property name="os.version" value="10.0" />
    <property name="maven.build.testOutputDir" value="target/test-classes" />
    <property name="path.separator" value=";" />
    <property name="java.vm.version" value="25.231-b11" />
    <property name="maven.build.dir" value="target" />
    <property name="maven.test.reports" value="target/test-reports" />
    <property name="user.variant" value="" />
    <property name="ant.library.dir" value="C:\Users\kaymaz\OneDrive\Documents\apache-ant-1.10.10-bin\apache-ant-1.10.10\lib" />
    <property name="java.awt.printerjob" value="sun.awt.windows.WPrinterJob" />
    <property name="sun.io.unicode.encoding" value="UnicodeLittle" />
    <property name="awt.toolkit" value="sun.awt.windows.WToolkit" />
    <property name="sun.stdout.encoding" value="cp437" />
    <property name="user.script" value="" />
    <property name="project.build.outputDirectory" value="target/classes" />
    <property name="user.home" value="C:\Users\kaymaz" />
    <property name="java.specification.vendor" value="Oracle Corporation" />
    <property name="java.library.path" value="C:\Program Files\Java\jdk1.8.0_231\jre\bin;C:\WINDOWS\Sun\Java\bin;C:\WINDOWS\system32;C:\WINDOWS;C:\Program Files (x86)\Common Files\Oracle\Java\javapath;C:\Python38\Scripts\;C:\Python38\;C:\ProgramData\Oracle\Java\javapath;C:\Program Files (x86)\Lenovo\FusionEngine;C:\Program Files (x86)\Intel\iCLS Client\;C:\Program Files\Intel\iCLS Client\;C:\WINDOWS\system32;C:\WINDOWS;C:\WINDOWS\System32\Wbem;C:\WINDOWS\System32\WindowsPowerShell\v1.0\;C:\Program Files\Intel\Intel(R) Management Engine Components\DAL;C:\Program Files\Intel\Intel(R) Management Engine Components\IPT;C:\Program Files (x86)\Intel\Intel(R) Management Engine Components\DAL;C:\Program Files (x86)\Intel\Intel(R) Management Engine Components\IPT;C:\Program Files\Intel\WiFi\bin\;C:\Program Files\Common Files\Intel\WirelessCommon\;C:\Program Files (x86)\Lenovo\Motion Control\;C:\Program Files (x86)\Common Files\lenovo\easyplussdk\bin;C:\ProgramData\chocolatey\bin;C:\WINDOWS\System32\OpenSSH\;C:\Program Files\Java\jdk1.8.0_231\bin;C:\Users\kaymaz\OneDrive\Documents\apache-maven-3.8.1-bin\apache-maven-3.8.1\bin;C:\Users\kaymaz\OneDrive\Documents\apache-ant-1.10.10-bin\apache-ant-1.10.10\bin;C:\Users\kaymaz\AppData\Local\Programs\Microsoft VS Code\bin;C:\Users\kaymaz\AppData\Local\Microsoft\WindowsApps;;." />
    <property name="java.vendor.url" value="http://java.oracle.com/" />
    <property name="maven.settings.offline" value="false" />
    <property name="java.vm.vendor" value="Oracle Corporation" />
    <property name="maven.settings.interactiveMode" value="true" />
    <property name="java.runtime.name" value="Java(TM) SE Runtime Environment" />
    <property name="sun.java.command" value="org.apache.tools.ant.taskdefs.optional.junit.JUnitTestRunner testcases.costumProjectRunner skipNonTests=false filtertrace=true haltOnError=true haltOnFailure=true formatter=org.apache.tools.ant.taskdefs.optional.junit.SummaryJUnitResultFormatter showoutput=false outputtoformatters=true logfailedtests=true threadid=0 logtestlistenerevents=false formatter=org.apache.tools.ant.taskdefs.optional.junit.XMLJUnitResultFormatter,C:\Users\kaymaz\eclipse-workspace\JunitProject2\target\test-reports\TEST-testcases.costumProjectRunner.xml formatter=org.apache.tools.ant.taskdefs.optional.junit.PlainJUnitResultFormatter crashfile=C:\Users\kaymaz\eclipse-workspace\JunitProject2\junitvmwatcher961900808940295981.properties propsfile=C:\Users\kaymaz\eclipse-workspace\JunitProject2\junit275810519736937783.properties" />
    <property name="java.class.path" value="C:\Users\kaymaz\.m2\repository\junit\junit\4.13.2\junit-4.13.2.jar;C:\Users\kaymaz\.m2\repository\org\hamcrest\hamcrest-core\1.3\hamcrest-core-1.3.jar;C:\Users\kaymaz\eclipse-workspace\JunitProject2\target\classes;C:\Users\kaymaz\eclipse-workspace\JunitProject2\target\test-classes;C:\Users\kaymaz\OneDrive\Documents\apache-ant-1.10.10-bin\apache-ant-1.10.10\lib\ant-launcher.jar;C:\Users\kaymaz\OneDrive\Documents\apache-ant-1.10.10-bin\apache-ant-1.10.10\lib\ant.jar;C:\Users\kaymaz\OneDrive\Documents\apache-ant-1.10.10-bin\apache-ant-1.10.10\lib\ant-junit.jar;C:\Users\kaymaz\OneDrive\Documents\apache-ant-1.10.10-bin\apache-ant-1.10.10\lib\ant-junit4.jar" />
    <property name="ant.version" value="Apache Ant(TM) version 1.10.10 compiled on April 12 2021" />
    <property name="project.build.directory" value="target" />
    <property name="java.vm.specification.name" value="Java Virtual Machine Specification" />
    <property name="ant.file.type" value="file" />
    <property name="java.vm.specification.version" value="1.8" />
    <property name="sun.cpu.endian" value="little" />
    <property name="ant.file.JunitProject2" value="C:\Users\kaymaz\eclipse-workspace\JunitProject2\build.xml" />
    <property name="sun.os.patch.level" value="" />
    <property name="java.io.tmpdir" value="C:\Users\kaymaz\AppData\Local\Temp\" />
    <property name="junit.present" value="true" />
    <property name="java.vendor.url.bug" value="http://bugreport.sun.com/bugreport/" />
    <property name="java.awt.graphicsenv" value="sun.awt.Win32GraphicsEnvironment" />
    <property name="os.arch" value="amd64" />
    <property name="maven.build.testResourceDir.0" value="src/test/resources" />
    <property name="java.ext.dirs" value="C:\Program Files\Java\jdk1.8.0_231\jre\lib\ext;C:\WINDOWS\Sun\Java\lib\ext" />
    <property name="user.dir" value="C:\Users\kaymaz\eclipse-workspace\JunitProject2" />
    <property name="line.separator" value="&#xd;&#xa;" />
    <property name="java.vm.name" value="Java HotSpot(TM) 64-Bit Server VM" />
    <property name="basedir" value="." />
    <property name="ant.java.version" value="1.8" />
    <property name="ant.core.lib" value="C:\Users\kaymaz\OneDrive\Documents\apache-ant-1.10.10-bin\apache-ant-1.10.10\lib\ant.jar" />
    <property name="file.encoding" value="Cp1252" />
    <property name="ant.file.type.JunitProject2" value="file" />
    <property name="sun.stderr.encoding" value="cp437" />
    <property name="java.specification.version" value="1.8" />
    <property name="ant.project.invoked-targets" value="test" />
  </properties>
  <testcase classname="testcases.LoginTest" name="loginTest[0]" time="0.002" />
  <testcase classname="testcases.LoginTest" name="loginTest[1]" time="0.0" />
  <testcase classname="testcases.LoginTest" name="loginTest[2]" time="0.0" />
  <testcase classname="testcases.LoginTest" name="loginTest[3]" time="0.0" />
  <testcase classname="testcases.ShopMobilePhoneTest" name="test_a_searchForMobile" time="0.001" />
  <testcase classname="testcases.ShopMobilePhoneTest" name="test_b_selectMobile" time="0.0" />
  <testcase classname="testcases.ShopMobilePhoneTest" name="test_c_checkout" time="0.014">
    <skipped message="got: &lt;false&gt;, expected: is &lt;true&gt;" />
  </testcase>
  <testcase classname="testcases.ValidationsTest" name="validate" time="0.011">
    <failure message="expected:&lt;A[]&gt; but was:&lt;A[1]&gt;" type="junit.framework.ComparisonFailure">junit.framework.ComparisonFailure: expected:&lt;A[]&gt; but was:&lt;A[1]&gt;
	at testcases.ValidationsTest.validate(ValidationsTest.java:18)
</failure>
    <failure message="Error Message" type="junit.framework.AssertionFailedError">junit.framework.AssertionFailedError: Error Message
	at testcases.ValidationsTest.validate(ValidationsTest.java:25)
</failure>
  </testcase>
  <system-out><![CDATA[U1-----P1------Mozilla
U2-----P2------Chrome
U3-----P3------IE
U4-----P4------Safari
Searching for mobile
selecting mobile
start
Error:expected:<A[]> but was:<A[1]>
Error:Error Message
end
]]></system-out>
  <system-err><![CDATA[]]></system-err>
</testsuite>
